#-----------------------------------------------------------
# Vivado v2019.1 (64-bit)
# SW Build 2552052 on Fri May 24 14:49:42 MDT 2019
# IP Build 2548770 on Fri May 24 18:01:18 MDT 2019
# Start of session at: Sat Mar 29 11:15:12 2025
# Process ID: 10116
# Current directory: C:/Users/lab1/lab4_rem/lab4
# Command line: vivado.exe -gui_launcher_event rodinguilauncherevent10420 C:\Users\lab1\lab4_rem\lab4\lab4.xpr
# Log file: C:/Users/lab1/lab4_rem/lab4/vivado.log
# Journal file: C:/Users/lab1/lab4_rem/lab4\vivado.jou
#-----------------------------------------------------------
start_gui
open_project C:/Users/lab1/lab4_rem/lab4/lab4.xpr
INFO: [Project 1-313] Project file moved from 'C:/Users/lab1/lab4' since last save.
Scanning sources...
Finished scanning sources
INFO: [IP_Flow 19-234] Refreshing IP repositories
INFO: [IP_Flow 19-1704] No user IP repositories specified
INFO: [IP_Flow 19-2313] Loaded Vivado IP repository 'C:/Xilinx/Vivado/2019.1/data/ip'.
open_hw
update_compile_order -fileset sources_1
INFO: [Labtools 27-2285] Connecting to hw_server url TCP:localhost:3121
INFO: [Labtools 27-2222] Launching hw_server...
INFO: [Labtools 27-2221] Launch Output:

****** Xilinx hw_server v2019.1
  **** Build date : May 24 2019 at 15:13:31
    ** Copyright 1986-2019 Xilinx, Inc. All Rights Reserved.


connect_hw_server -url localhost:3121
INFO: [Labtools 27-2285] Connecting to hw_server url TCP:localhost:3121
current_hw_target [get_hw_targets */xilinx_tcf/Digilent/210292AA7B67A]
set_property PARAM.FREQUENCY 15000000 [get_hw_targets */xilinx_tcf/Digilent/210292AA7B67A]
open_hw_target
INFO: [Labtoolstcl 44-466] Opening hw_target localhost:3121/xilinx_tcf/Digilent/210292AA7B67A
set_property PROGRAM.FILE {C:/Users/lab1/lab4_rem/lab4/lab4.runs/impl_1/top.bit} [get_hw_devices xc7a100t_0]
current_hw_device [get_hw_devices xc7a100t_0]
refresh_hw_device -update_hw_probes false [lindex [get_hw_devices xc7a100t_0] 0]
INFO: [Labtools 27-1434] Device xc7a100t (JTAG device index = 0) is programmed with a design that has no supported debug core(s) in it.
reset_run synth_1
WARNING: [Vivado 12-1017] Problems encountered:
1. Failed to delete one or more files in run directory C:/Users/lab1/lab4_rem/lab4/lab4.runs/synth_1

launch_runs impl_1 -to_step write_bitstream -jobs 12
[Sat Mar 29 11:15:47 2025] Launched synth_1...
Run output will be captured here: C:/Users/lab1/lab4_rem/lab4/lab4.runs/synth_1/runme.log
[Sat Mar 29 11:15:47 2025] Launched impl_1...
Run output will be captured here: C:/Users/lab1/lab4_rem/lab4/lab4.runs/impl_1/runme.log
set_property PROBES.FILE {} [get_hw_devices xc7a100t_0]
set_property FULL_PROBES.FILE {} [get_hw_devices xc7a100t_0]
set_property PROGRAM.FILE {C:/Users/lab1/lab4_rem/lab4/lab4.runs/impl_1/top.bit} [get_hw_devices xc7a100t_0]
program_hw_devices [get_hw_devices xc7a100t_0]
INFO: [Labtools 27-3164] End of startup status: HIGH
refresh_hw_device [lindex [get_hw_devices xc7a100t_0] 0]
INFO: [Labtools 27-1434] Device xc7a100t (JTAG device index = 0) is programmed with a design that has no supported debug core(s) in it.
close_hw
reset_run synth_1
WARNING: [Vivado 12-1017] Problems encountered:
1. Failed to delete one or more files in run directory C:/Users/lab1/lab4_rem/lab4/lab4.runs/synth_1

launch_runs impl_1 -to_step write_bitstream -jobs 12
[Sat Mar 29 11:18:27 2025] Launched synth_1...
Run output will be captured here: C:/Users/lab1/lab4_rem/lab4/lab4.runs/synth_1/runme.log
[Sat Mar 29 11:18:27 2025] Launched impl_1...
Run output will be captured here: C:/Users/lab1/lab4_rem/lab4/lab4.runs/impl_1/runme.log
open_hw
connect_hw_server -url localhost:3121
INFO: [Labtools 27-2285] Connecting to hw_server url TCP:localhost:3121
INFO: [Labtools 27-2222] Launching hw_server...
INFO: [Labtools 27-2221] Launch Output:

****** Xilinx hw_server v2019.1
  **** Build date : May 24 2019 at 15:13:31
    ** Copyright 1986-2019 Xilinx, Inc. All Rights Reserved.


current_hw_target [get_hw_targets */xilinx_tcf/Digilent/210292AA7B67A]
set_property PARAM.FREQUENCY 15000000 [get_hw_targets */xilinx_tcf/Digilent/210292AA7B67A]
open_hw_target
INFO: [Labtoolstcl 44-466] Opening hw_target localhost:3121/xilinx_tcf/Digilent/210292AA7B67A
set_property PROGRAM.FILE {C:/Users/lab1/lab4_rem/lab4/lab4.runs/impl_1/top.bit} [get_hw_devices xc7a100t_0]
current_hw_device [get_hw_devices xc7a100t_0]
refresh_hw_device -update_hw_probes false [lindex [get_hw_devices xc7a100t_0] 0]
INFO: [Labtools 27-1434] Device xc7a100t (JTAG device index = 0) is programmed with a design that has no supported debug core(s) in it.
set_property PROBES.FILE {} [get_hw_devices xc7a100t_0]
set_property FULL_PROBES.FILE {} [get_hw_devices xc7a100t_0]
set_property PROGRAM.FILE {C:/Users/lab1/lab4_rem/lab4/lab4.runs/impl_1/top.bit} [get_hw_devices xc7a100t_0]
program_hw_devices [get_hw_devices xc7a100t_0]
INFO: [Labtools 27-3164] End of startup status: HIGH
refresh_hw_device [lindex [get_hw_devices xc7a100t_0] 0]
INFO: [Labtools 27-1434] Device xc7a100t (JTAG device index = 0) is programmed with a design that has no supported debug core(s) in it.
update_compile_order -fileset sources_1
update_compile_order -fileset sources_1
close_hw
reset_run synth_1
WARNING: [Vivado 12-1017] Problems encountered:
1. Failed to delete one or more files in run directory C:/Users/lab1/lab4_rem/lab4/lab4.runs/synth_1

launch_runs impl_1 -to_step write_bitstream -jobs 12
[Sat Mar 29 11:22:35 2025] Launched synth_1...
Run output will be captured here: C:/Users/lab1/lab4_rem/lab4/lab4.runs/synth_1/runme.log
[Sat Mar 29 11:22:35 2025] Launched impl_1...
Run output will be captured here: C:/Users/lab1/lab4_rem/lab4/lab4.runs/impl_1/runme.log
open_hw
connect_hw_server -url localhost:3121
INFO: [Labtools 27-2285] Connecting to hw_server url TCP:localhost:3121
INFO: [Labtools 27-2222] Launching hw_server...
INFO: [Labtools 27-2221] Launch Output:

****** Xilinx hw_server v2019.1
  **** Build date : May 24 2019 at 15:13:31
    ** Copyright 1986-2019 Xilinx, Inc. All Rights Reserved.


current_hw_target [get_hw_targets */xilinx_tcf/Digilent/210292AA7B67A]
set_property PARAM.FREQUENCY 15000000 [get_hw_targets */xilinx_tcf/Digilent/210292AA7B67A]
open_hw_target
INFO: [Labtoolstcl 44-466] Opening hw_target localhost:3121/xilinx_tcf/Digilent/210292AA7B67A
set_property PROGRAM.FILE {C:/Users/lab1/lab4_rem/lab4/lab4.runs/impl_1/top.bit} [get_hw_devices xc7a100t_0]
current_hw_device [get_hw_devices xc7a100t_0]
refresh_hw_device -update_hw_probes false [lindex [get_hw_devices xc7a100t_0] 0]
INFO: [Labtools 27-1434] Device xc7a100t (JTAG device index = 0) is programmed with a design that has no supported debug core(s) in it.
set_property PROBES.FILE {} [get_hw_devices xc7a100t_0]
set_property FULL_PROBES.FILE {} [get_hw_devices xc7a100t_0]
set_property PROGRAM.FILE {C:/Users/lab1/lab4_rem/lab4/lab4.runs/impl_1/top.bit} [get_hw_devices xc7a100t_0]
program_hw_devices [get_hw_devices xc7a100t_0]
INFO: [Labtools 27-3164] End of startup status: HIGH
refresh_hw_device [lindex [get_hw_devices xc7a100t_0] 0]
INFO: [Labtools 27-1434] Device xc7a100t (JTAG device index = 0) is programmed with a design that has no supported debug core(s) in it.
reset_run synth_1
WARNING: [Vivado 12-1017] Problems encountered:
1. Failed to delete one or more files in run directory C:/Users/lab1/lab4_rem/lab4/lab4.runs/synth_1

launch_runs impl_1 -to_step write_bitstream -jobs 12
[Sat Mar 29 11:26:51 2025] Launched synth_1...
Run output will be captured here: C:/Users/lab1/lab4_rem/lab4/lab4.runs/synth_1/runme.log
[Sat Mar 29 11:26:51 2025] Launched impl_1...
Run output will be captured here: C:/Users/lab1/lab4_rem/lab4/lab4.runs/impl_1/runme.log
set_property PROBES.FILE {} [get_hw_devices xc7a100t_0]
set_property FULL_PROBES.FILE {} [get_hw_devices xc7a100t_0]
set_property PROGRAM.FILE {C:/Users/lab1/lab4_rem/lab4/lab4.runs/impl_1/top.bit} [get_hw_devices xc7a100t_0]
program_hw_devices [get_hw_devices xc7a100t_0]
INFO: [Labtools 27-3164] End of startup status: HIGH
refresh_hw_device [lindex [get_hw_devices xc7a100t_0] 0]
INFO: [Labtools 27-1434] Device xc7a100t (JTAG device index = 0) is programmed with a design that has no supported debug core(s) in it.
reset_run synth_1
WARNING: [Vivado 12-1017] Problems encountered:
1. Failed to delete one or more files in run directory C:/Users/lab1/lab4_rem/lab4/lab4.runs/synth_1

launch_runs impl_1 -to_step write_bitstream -jobs 12
[Sat Mar 29 11:30:27 2025] Launched synth_1...
Run output will be captured here: C:/Users/lab1/lab4_rem/lab4/lab4.runs/synth_1/runme.log
[Sat Mar 29 11:30:27 2025] Launched impl_1...
Run output will be captured here: C:/Users/lab1/lab4_rem/lab4/lab4.runs/impl_1/runme.log
set_property PROBES.FILE {} [get_hw_devices xc7a100t_0]
set_property FULL_PROBES.FILE {} [get_hw_devices xc7a100t_0]
set_property PROGRAM.FILE {C:/Users/lab1/lab4_rem/lab4/lab4.runs/impl_1/top.bit} [get_hw_devices xc7a100t_0]
program_hw_devices [get_hw_devices xc7a100t_0]
INFO: [Labtools 27-3164] End of startup status: HIGH
refresh_hw_device [lindex [get_hw_devices xc7a100t_0] 0]
INFO: [Labtools 27-1434] Device xc7a100t (JTAG device index = 0) is programmed with a design that has no supported debug core(s) in it.
reset_run synth_1
WARNING: [Vivado 12-1017] Problems encountered:
1. Failed to delete one or more files in run directory C:/Users/lab1/lab4_rem/lab4/lab4.runs/synth_1

launch_runs impl_1 -to_step write_bitstream -jobs 12
[Sat Mar 29 11:33:23 2025] Launched synth_1...
Run output will be captured here: C:/Users/lab1/lab4_rem/lab4/lab4.runs/synth_1/runme.log
[Sat Mar 29 11:33:23 2025] Launched impl_1...
Run output will be captured here: C:/Users/lab1/lab4_rem/lab4/lab4.runs/impl_1/runme.log
set_property PROBES.FILE {} [get_hw_devices xc7a100t_0]
set_property FULL_PROBES.FILE {} [get_hw_devices xc7a100t_0]
set_property PROGRAM.FILE {C:/Users/lab1/lab4_rem/lab4/lab4.runs/impl_1/top.bit} [get_hw_devices xc7a100t_0]
program_hw_devices [get_hw_devices xc7a100t_0]
INFO: [Labtools 27-3164] End of startup status: HIGH
refresh_hw_device [lindex [get_hw_devices xc7a100t_0] 0]
INFO: [Labtools 27-1434] Device xc7a100t (JTAG device index = 0) is programmed with a design that has no supported debug core(s) in it.
set_property PROBES.FILE {} [get_hw_devices xc7a100t_0]
set_property FULL_PROBES.FILE {} [get_hw_devices xc7a100t_0]
set_property PROGRAM.FILE {C:/Users/lab1/lab4_rem/lab4/lab4.runs/impl_1/top.bit} [get_hw_devices xc7a100t_0]
program_hw_devices [get_hw_devices xc7a100t_0]
INFO: [Labtools 27-3164] End of startup status: HIGH
refresh_hw_device [lindex [get_hw_devices xc7a100t_0] 0]
INFO: [Labtools 27-1434] Device xc7a100t (JTAG device index = 0) is programmed with a design that has no supported debug core(s) in it.
reset_run synth_1
WARNING: [Vivado 12-1017] Problems encountered:
1. Failed to delete one or more files in run directory C:/Users/lab1/lab4_rem/lab4/lab4.runs/synth_1

launch_runs impl_1 -to_step write_bitstream -jobs 12
[Sat Mar 29 11:36:19 2025] Launched synth_1...
Run output will be captured here: C:/Users/lab1/lab4_rem/lab4/lab4.runs/synth_1/runme.log
[Sat Mar 29 11:36:19 2025] Launched impl_1...
Run output will be captured here: C:/Users/lab1/lab4_rem/lab4/lab4.runs/impl_1/runme.log
set_property PROBES.FILE {} [get_hw_devices xc7a100t_0]
set_property FULL_PROBES.FILE {} [get_hw_devices xc7a100t_0]
set_property PROGRAM.FILE {C:/Users/lab1/lab4_rem/lab4/lab4.runs/impl_1/top.bit} [get_hw_devices xc7a100t_0]
program_hw_devices [get_hw_devices xc7a100t_0]
INFO: [Labtools 27-3164] End of startup status: HIGH
refresh_hw_device [lindex [get_hw_devices xc7a100t_0] 0]
INFO: [Labtools 27-1434] Device xc7a100t (JTAG device index = 0) is programmed with a design that has no supported debug core(s) in it.
update_compile_order -fileset sources_1
update_compile_order -fileset sources_1
reset_run synth_1
WARNING: [Vivado 12-1017] Problems encountered:
1. Failed to delete one or more files in run directory C:/Users/lab1/lab4_rem/lab4/lab4.runs/synth_1

launch_runs impl_1 -to_step write_bitstream -jobs 12
[Sat Mar 29 11:38:52 2025] Launched synth_1...
Run output will be captured here: C:/Users/lab1/lab4_rem/lab4/lab4.runs/synth_1/runme.log
[Sat Mar 29 11:38:52 2025] Launched impl_1...
Run output will be captured here: C:/Users/lab1/lab4_rem/lab4/lab4.runs/impl_1/runme.log
set_property PROBES.FILE {} [get_hw_devices xc7a100t_0]
set_property FULL_PROBES.FILE {} [get_hw_devices xc7a100t_0]
set_property PROGRAM.FILE {C:/Users/lab1/lab4_rem/lab4/lab4.runs/impl_1/top.bit} [get_hw_devices xc7a100t_0]
program_hw_devices [get_hw_devices xc7a100t_0]
INFO: [Labtools 27-3164] End of startup status: HIGH
refresh_hw_device [lindex [get_hw_devices xc7a100t_0] 0]
INFO: [Labtools 27-1434] Device xc7a100t (JTAG device index = 0) is programmed with a design that has no supported debug core(s) in it.
reset_run synth_1
WARNING: [Vivado 12-1017] Problems encountered:
1. Failed to delete one or more files in run directory C:/Users/lab1/lab4_rem/lab4/lab4.runs/synth_1

launch_runs impl_1 -to_step write_bitstream -jobs 12
[Sat Mar 29 11:52:25 2025] Launched synth_1...
Run output will be captured here: C:/Users/lab1/lab4_rem/lab4/lab4.runs/synth_1/runme.log
[Sat Mar 29 11:52:25 2025] Launched impl_1...
Run output will be captured here: C:/Users/lab1/lab4_rem/lab4/lab4.runs/impl_1/runme.log
set_property PROBES.FILE {} [get_hw_devices xc7a100t_0]
set_property FULL_PROBES.FILE {} [get_hw_devices xc7a100t_0]
set_property PROGRAM.FILE {C:/Users/lab1/lab4_rem/lab4/lab4.runs/impl_1/top.bit} [get_hw_devices xc7a100t_0]
program_hw_devices [get_hw_devices xc7a100t_0]
INFO: [Labtools 27-3164] End of startup status: HIGH
refresh_hw_device [lindex [get_hw_devices xc7a100t_0] 0]
INFO: [Labtools 27-1434] Device xc7a100t (JTAG device index = 0) is programmed with a design that has no supported debug core(s) in it.
reset_run synth_1
WARNING: [Vivado 12-1017] Problems encountered:
1. Failed to delete one or more files in run directory C:/Users/lab1/lab4_rem/lab4/lab4.runs/synth_1

launch_runs impl_1 -to_step write_bitstream -jobs 12
[Sat Mar 29 11:54:58 2025] Launched synth_1...
Run output will be captured here: C:/Users/lab1/lab4_rem/lab4/lab4.runs/synth_1/runme.log
[Sat Mar 29 11:54:58 2025] Launched impl_1...
Run output will be captured here: C:/Users/lab1/lab4_rem/lab4/lab4.runs/impl_1/runme.log
set_property PROBES.FILE {} [get_hw_devices xc7a100t_0]
set_property FULL_PROBES.FILE {} [get_hw_devices xc7a100t_0]
set_property PROGRAM.FILE {C:/Users/lab1/lab4_rem/lab4/lab4.runs/impl_1/top.bit} [get_hw_devices xc7a100t_0]
program_hw_devices [get_hw_devices xc7a100t_0]
INFO: [Labtools 27-3164] End of startup status: HIGH
refresh_hw_device [lindex [get_hw_devices xc7a100t_0] 0]
INFO: [Labtools 27-1434] Device xc7a100t (JTAG device index = 0) is programmed with a design that has no supported debug core(s) in it.
reset_run synth_1
WARNING: [Vivado 12-1017] Problems encountered:
1. Failed to delete one or more files in run directory C:/Users/lab1/lab4_rem/lab4/lab4.runs/synth_1

launch_runs impl_1 -to_step write_bitstream -jobs 12
[Sat Mar 29 11:57:34 2025] Launched synth_1...
Run output will be captured here: C:/Users/lab1/lab4_rem/lab4/lab4.runs/synth_1/runme.log
[Sat Mar 29 11:57:34 2025] Launched impl_1...
Run output will be captured here: C:/Users/lab1/lab4_rem/lab4/lab4.runs/impl_1/runme.log
set_property PROBES.FILE {} [get_hw_devices xc7a100t_0]
set_property FULL_PROBES.FILE {} [get_hw_devices xc7a100t_0]
set_property PROGRAM.FILE {C:/Users/lab1/lab4_rem/lab4/lab4.runs/impl_1/top.bit} [get_hw_devices xc7a100t_0]
program_hw_devices [get_hw_devices xc7a100t_0]
INFO: [Labtools 27-3164] End of startup status: HIGH
refresh_hw_device [lindex [get_hw_devices xc7a100t_0] 0]
INFO: [Labtools 27-1434] Device xc7a100t (JTAG device index = 0) is programmed with a design that has no supported debug core(s) in it.
reset_run synth_1
WARNING: [Vivado 12-1017] Problems encountered:
1. Failed to delete one or more files in run directory C:/Users/lab1/lab4_rem/lab4/lab4.runs/synth_1

launch_runs impl_1 -to_step write_bitstream -jobs 12
[Sat Mar 29 11:59:55 2025] Launched synth_1...
Run output will be captured here: C:/Users/lab1/lab4_rem/lab4/lab4.runs/synth_1/runme.log
[Sat Mar 29 11:59:55 2025] Launched impl_1...
Run output will be captured here: C:/Users/lab1/lab4_rem/lab4/lab4.runs/impl_1/runme.log
reset_run synth_1
WARNING: [Vivado 12-1017] Problems encountered:
1. Failed to delete one or more files in run directory C:/Users/lab1/lab4_rem/lab4/lab4.runs/synth_1

launch_runs impl_1 -to_step write_bitstream -jobs 12
[Sat Mar 29 12:00:47 2025] Launched synth_1...
Run output will be captured here: C:/Users/lab1/lab4_rem/lab4/lab4.runs/synth_1/runme.log
[Sat Mar 29 12:00:47 2025] Launched impl_1...
Run output will be captured here: C:/Users/lab1/lab4_rem/lab4/lab4.runs/impl_1/runme.log
reset_run synth_1
WARNING: [Vivado 12-1017] Problems encountered:
1. Failed to delete one or more files in run directory C:/Users/lab1/lab4_rem/lab4/lab4.runs/synth_1

launch_runs impl_1 -to_step write_bitstream -jobs 12
[Sat Mar 29 12:01:39 2025] Launched synth_1...
Run output will be captured here: C:/Users/lab1/lab4_rem/lab4/lab4.runs/synth_1/runme.log
[Sat Mar 29 12:01:39 2025] Launched impl_1...
Run output will be captured here: C:/Users/lab1/lab4_rem/lab4/lab4.runs/impl_1/runme.log
set_property PROBES.FILE {} [get_hw_devices xc7a100t_0]
set_property FULL_PROBES.FILE {} [get_hw_devices xc7a100t_0]
set_property PROGRAM.FILE {C:/Users/lab1/lab4_rem/lab4/lab4.runs/impl_1/top.bit} [get_hw_devices xc7a100t_0]
program_hw_devices [get_hw_devices xc7a100t_0]
INFO: [Labtools 27-3164] End of startup status: HIGH
refresh_hw_device [lindex [get_hw_devices xc7a100t_0] 0]
INFO: [Labtools 27-1434] Device xc7a100t (JTAG device index = 0) is programmed with a design that has no supported debug core(s) in it.
set_property PROBES.FILE {} [get_hw_devices xc7a100t_0]
set_property FULL_PROBES.FILE {} [get_hw_devices xc7a100t_0]
set_property PROGRAM.FILE {C:/Users/lab1/lab4_rem/lab4/lab4.runs/impl_1/top.bit} [get_hw_devices xc7a100t_0]
program_hw_devices [get_hw_devices xc7a100t_0]
INFO: [Labtools 27-3164] End of startup status: HIGH
refresh_hw_device [lindex [get_hw_devices xc7a100t_0] 0]
INFO: [Labtools 27-1434] Device xc7a100t (JTAG device index = 0) is programmed with a design that has no supported debug core(s) in it.
reset_run synth_1
WARNING: [Vivado 12-1017] Problems encountered:
1. Failed to delete one or more files in run directory C:/Users/lab1/lab4_rem/lab4/lab4.runs/synth_1

launch_runs impl_1 -to_step write_bitstream -jobs 12
[Sat Mar 29 12:04:33 2025] Launched synth_1...
Run output will be captured here: C:/Users/lab1/lab4_rem/lab4/lab4.runs/synth_1/runme.log
[Sat Mar 29 12:04:33 2025] Launched impl_1...
Run output will be captured here: C:/Users/lab1/lab4_rem/lab4/lab4.runs/impl_1/runme.log
set_property PROBES.FILE {} [get_hw_devices xc7a100t_0]
set_property FULL_PROBES.FILE {} [get_hw_devices xc7a100t_0]
set_property PROGRAM.FILE {C:/Users/lab1/lab4_rem/lab4/lab4.runs/impl_1/top.bit} [get_hw_devices xc7a100t_0]
program_hw_devices [get_hw_devices xc7a100t_0]
INFO: [Labtools 27-3164] End of startup status: HIGH
refresh_hw_device [lindex [get_hw_devices xc7a100t_0] 0]
INFO: [Labtools 27-1434] Device xc7a100t (JTAG device index = 0) is programmed with a design that has no supported debug core(s) in it.
reset_run synth_1
WARNING: [Vivado 12-1017] Problems encountered:
1. Failed to delete one or more files in run directory C:/Users/lab1/lab4_rem/lab4/lab4.runs/synth_1

launch_runs impl_1 -to_step write_bitstream -jobs 12
[Sat Mar 29 12:07:43 2025] Launched synth_1...
Run output will be captured here: C:/Users/lab1/lab4_rem/lab4/lab4.runs/synth_1/runme.log
[Sat Mar 29 12:07:43 2025] Launched impl_1...
Run output will be captured here: C:/Users/lab1/lab4_rem/lab4/lab4.runs/impl_1/runme.log
set_property PROBES.FILE {} [get_hw_devices xc7a100t_0]
set_property FULL_PROBES.FILE {} [get_hw_devices xc7a100t_0]
set_property PROGRAM.FILE {C:/Users/lab1/lab4_rem/lab4/lab4.runs/impl_1/top.bit} [get_hw_devices xc7a100t_0]
program_hw_devices [get_hw_devices xc7a100t_0]
INFO: [Labtools 27-3164] End of startup status: HIGH
refresh_hw_device [lindex [get_hw_devices xc7a100t_0] 0]
INFO: [Labtools 27-1434] Device xc7a100t (JTAG device index = 0) is programmed with a design that has no supported debug core(s) in it.
reset_run synth_1
WARNING: [Vivado 12-1017] Problems encountered:
1. Failed to delete one or more files in run directory C:/Users/lab1/lab4_rem/lab4/lab4.runs/synth_1

launch_runs impl_1 -to_step write_bitstream -jobs 12
[Sat Mar 29 12:10:28 2025] Launched synth_1...
Run output will be captured here: C:/Users/lab1/lab4_rem/lab4/lab4.runs/synth_1/runme.log
[Sat Mar 29 12:10:28 2025] Launched impl_1...
Run output will be captured here: C:/Users/lab1/lab4_rem/lab4/lab4.runs/impl_1/runme.log
set_property PROBES.FILE {} [get_hw_devices xc7a100t_0]
set_property FULL_PROBES.FILE {} [get_hw_devices xc7a100t_0]
set_property PROGRAM.FILE {C:/Users/lab1/lab4_rem/lab4/lab4.runs/impl_1/top.bit} [get_hw_devices xc7a100t_0]
program_hw_devices [get_hw_devices xc7a100t_0]
INFO: [Labtools 27-3164] End of startup status: HIGH
refresh_hw_device [lindex [get_hw_devices xc7a100t_0] 0]
INFO: [Labtools 27-1434] Device xc7a100t (JTAG device index = 0) is programmed with a design that has no supported debug core(s) in it.
set_property PROBES.FILE {} [get_hw_devices xc7a100t_0]
set_property FULL_PROBES.FILE {} [get_hw_devices xc7a100t_0]
set_property PROGRAM.FILE {C:/Users/lab1/lab4_rem/lab4/lab4.runs/impl_1/top.bit} [get_hw_devices xc7a100t_0]
program_hw_devices [get_hw_devices xc7a100t_0]
INFO: [Labtools 27-3164] End of startup status: HIGH
refresh_hw_device [lindex [get_hw_devices xc7a100t_0] 0]
INFO: [Labtools 27-1434] Device xc7a100t (JTAG device index = 0) is programmed with a design that has no supported debug core(s) in it.
reset_run synth_1
WARNING: [Vivado 12-1017] Problems encountered:
1. Failed to delete one or more files in run directory C:/Users/lab1/lab4_rem/lab4/lab4.runs/synth_1

launch_runs impl_1 -to_step write_bitstream -jobs 12
[Sat Mar 29 12:35:21 2025] Launched synth_1...
Run output will be captured here: C:/Users/lab1/lab4_rem/lab4/lab4.runs/synth_1/runme.log
[Sat Mar 29 12:35:21 2025] Launched impl_1...
Run output will be captured here: C:/Users/lab1/lab4_rem/lab4/lab4.runs/impl_1/runme.log
set_property PROBES.FILE {} [get_hw_devices xc7a100t_0]
set_property FULL_PROBES.FILE {} [get_hw_devices xc7a100t_0]
set_property PROGRAM.FILE {C:/Users/lab1/lab4_rem/lab4/lab4.runs/impl_1/top.bit} [get_hw_devices xc7a100t_0]
program_hw_devices [get_hw_devices xc7a100t_0]
INFO: [Labtools 27-3164] End of startup status: HIGH
refresh_hw_device [lindex [get_hw_devices xc7a100t_0] 0]
INFO: [Labtools 27-1434] Device xc7a100t (JTAG device index = 0) is programmed with a design that has no supported debug core(s) in it.
reset_run synth_1
WARNING: [Vivado 12-1017] Problems encountered:
1. Failed to delete one or more files in run directory C:/Users/lab1/lab4_rem/lab4/lab4.runs/synth_1

launch_runs impl_1 -to_step write_bitstream -jobs 12
[Sat Mar 29 12:45:10 2025] Launched synth_1...
Run output will be captured here: C:/Users/lab1/lab4_rem/lab4/lab4.runs/synth_1/runme.log
[Sat Mar 29 12:45:10 2025] Launched impl_1...
Run output will be captured here: C:/Users/lab1/lab4_rem/lab4/lab4.runs/impl_1/runme.log
set_property PROBES.FILE {} [get_hw_devices xc7a100t_0]
set_property FULL_PROBES.FILE {} [get_hw_devices xc7a100t_0]
set_property PROGRAM.FILE {C:/Users/lab1/lab4_rem/lab4/lab4.runs/impl_1/top.bit} [get_hw_devices xc7a100t_0]
program_hw_devices [get_hw_devices xc7a100t_0]
INFO: [Labtools 27-3164] End of startup status: HIGH
refresh_hw_device [lindex [get_hw_devices xc7a100t_0] 0]
INFO: [Labtools 27-1434] Device xc7a100t (JTAG device index = 0) is programmed with a design that has no supported debug core(s) in it.
exit
INFO: [Common 17-206] Exiting Vivado at Sat Mar 29 12:53:54 2025...
